
> wheelwheel-app@1.0.0 seo:stats
> npx ts-node --project tsconfig.scripts.json src/scripts/generate-seo.ts stats

🎯 Gerador de Páginas SEO para Wheel Maker
==========================================

📊 Estatísticas do Gerador de Páginas SEO

📝 Total de templates: 10.000
📂 Total de categorias: 12

📊 Templates por categoria:
   🍽️ Comida e Restaurantes: 1.500 templates
   🎮 Jogos e Entretenimento: 1.500 templates
   📚 Educação e Aprendizado: 1.500 templates
   🎬 Filmes e Séries: 1.500 templates
   🎵 Música e Playlists: 1.500 templates
   🤔 Decisões e Escolhas: 1.500 templates
   🎁 Sorteios e Prêmios: 500 templates
   🔮 Sorte e Adivinhação: 500 templates
   ⚽ Esportes e Fitness: 0 templates
   ✈️ Viagens e Turismo: 0 templates
   💼 Trabalho e Carreira: 0 templates
   🎲 Aleatório e Surpresas: 0 templates

💾 Tamanho estimado: 146.48 MB
⏱️  Tempo estimado de geração: 5.0 minutos
